<?xml version="1.0" encoding="UTF-8"?>
<!-- Generated by org.testng.reporters.JUnitReportReporter -->
<testsuite hostname="Nikhil" failures="0" tests="1" name="com.learning_TestNG.Learning_Extent_Report" time="13.233" errors="0" timestamp="2024-02-03T12:56:49 IST" skipped="0">
  <testcase classname="com.learning_TestNG.Learning_Extent_Report" name="loginTest" time="13.233"/>
  <system-out/>
</testsuite> <!-- com.learning_TestNG.Learning_Extent_Report -->
