<?xml version="1.0" encoding="UTF-8"?>
<!-- Generated by org.testng.reporters.JUnitReportReporter -->
<testsuite hostname="Nikhil" failures="0" tests="1" name="com.practice.Login_To_Facebook_Test" time="11.607" errors="0" timestamp="2024-02-02T10:35:01 IST" skipped="0">
  <testcase classname="com.practice.Login_To_Facebook_Test" name="loginToFacebookTest" time="11.607"/>
  <system-out/>
</testsuite> <!-- com.practice.Login_To_Facebook_Test -->
