<?xml version="1.0" encoding="UTF-8"?>
<!-- Generated by org.testng.reporters.JUnitReportReporter -->
<testsuite hostname="Nikhil" failures="0" tests="3" name="com.learning_TestNG.First_TestNG_Class" time="0.051" errors="0" timestamp="2024-01-27T14:57:21 IST" skipped="0">
  <testcase classname="com.learning_TestNG.First_TestNG_Class" name="loginTest" time="0.029"/>
  <system-out>
    <![CDATA[Executing Login Test Case...]]>
  </system-out>
  <testcase classname="com.learning_TestNG.First_TestNG_Class" name="registerTest" time="0.020"/>
  <system-out>
    <![CDATA[Executing Register Test Case...]]>
  </system-out>
  <testcase classname="com.learning_TestNG.First_TestNG_Class" name="searchTest" time="0.002"/>
  <system-out>
    <![CDATA[Executing Search Test Case...]]>
  </system-out>
</testsuite> <!-- com.learning_TestNG.First_TestNG_Class -->
