<?xml version="1.0" encoding="UTF-8"?>
<!-- Generated by org.testng.reporters.JUnitReportReporter -->
<testsuite hostname="Nikhil" failures="0" tests="3" name="com.learning_TestNG.Learning_Configuration_Annotation" time="0.020" errors="0" timestamp="2024-01-27T15:13:47 IST" skipped="0">
  <testcase classname="com.learning_TestNG.Learning_Configuration_Annotation" name="registerTest" time="0.012"/>
  <system-out>
    <![CDATA[Executing register Test Case...]]>
  </system-out>
  <testcase classname="com.learning_TestNG.Learning_Configuration_Annotation" name="loginTest" time="0.003"/>
  <system-out>
    <![CDATA[Executing login test case...]]>
  </system-out>
  <testcase classname="com.learning_TestNG.Learning_Configuration_Annotation" name="searchTest" time="0.005"/>
  <system-out>
    <![CDATA[Executing Search Test Case...]]>
  </system-out>
</testsuite> <!-- com.learning_TestNG.Learning_Configuration_Annotation -->
