<?xml version="1.0" encoding="UTF-8"?>
<!-- Generated by org.testng.reporters.JUnitReportReporter -->
<testsuite hostname="Nikhil" failures="0" tests="1" name="com.testScripts.TC001_SearchTest" time="6.262" errors="0" timestamp="2024-02-03T13:43:31 IST" skipped="0">
  <testcase classname="com.testScripts.TC001_SearchTest" name="searchTest" time="6.262"/>
  <system-out/>
</testsuite> <!-- com.testScripts.TC001_SearchTest -->
