<?xml version="1.0" encoding="UTF-8"?>
<!-- Generated by org.testng.reporters.JUnitReportReporter -->
<testsuite hostname="Nikhil" failures="0" tests="1" name="com.learning_TestNG.Learning_Excel_File" time="12.589" errors="0" timestamp="2024-01-28T11:59:15 IST" skipped="0">
  <testcase classname="com.learning_TestNG.Learning_Excel_File" name="registerTest" time="12.589"/>
  <system-out/>
</testsuite> <!-- com.learning_TestNG.Learning_Excel_File -->
