<?xml version="1.0" encoding="UTF-8"?>
<!-- Generated by org.testng.reporters.JUnitReportReporter -->
<testsuite hostname="Nikhil" failures="0" tests="2" name="com.learning_TestNG.Learning_Parallel_Execution" time="31.497" errors="0" timestamp="2024-01-27T15:03:42 IST" skipped="0">
  <testcase classname="com.learning_TestNG.Learning_Parallel_Execution" name="loginTest" time="13.803"/>
  <system-out/>
  <testcase classname="com.learning_TestNG.Learning_Parallel_Execution" name="loginTest" time="17.694"/>
  <system-out/>
</testsuite> <!-- com.learning_TestNG.Learning_Parallel_Execution -->
