<?xml version="1.0" encoding="UTF-8"?>
<!-- Generated by org.testng.reporters.JUnitReportReporter -->
<testsuite hostname="Nikhil" failures="0" tests="3" name="com.learning_TestNG.Learning_Depends_On_Methods_Attribute" time="0.024" errors="0" timestamp="2024-01-27T15:00:00 IST" skipped="0">
  <testcase classname="com.learning_TestNG.Learning_Depends_On_Methods_Attribute" name="loginTest" time="0.004"/>
  <system-out>
    <![CDATA[Executing Login Test Case...]]>
  </system-out>
  <testcase classname="com.learning_TestNG.Learning_Depends_On_Methods_Attribute" name="registerTest" time="0.016"/>
  <system-out>
    <![CDATA[Executing Register Test Case...]]>
  </system-out>
  <testcase classname="com.learning_TestNG.Learning_Depends_On_Methods_Attribute" name="searchTest" time="0.004"/>
  <system-out>
    <![CDATA[Executing Search Test Case...]]>
  </system-out>
</testsuite> <!-- com.learning_TestNG.Learning_Depends_On_Methods_Attribute -->
