<?xml version="1.0" encoding="UTF-8"?>
<!-- Generated by org.testng.reporters.JUnitReportReporter -->
<testsuite hostname="Nikhil" failures="0" tests="3" name="com.learning_TestNG.Learning_Priority_Attribute" time="0.022" errors="0" timestamp="2024-01-27T14:58:10 IST" skipped="0">
  <testcase classname="com.learning_TestNG.Learning_Priority_Attribute" name="registerTest" time="0.017"/>
  <system-out>
    <![CDATA[Executing Register Test Case...]]>
  </system-out>
  <testcase classname="com.learning_TestNG.Learning_Priority_Attribute" name="loginTest" time="0.002"/>
  <system-out>
    <![CDATA[Executing Login Test Case...]]>
  </system-out>
  <testcase classname="com.learning_TestNG.Learning_Priority_Attribute" name="searchTest" time="0.003"/>
  <system-out>
    <![CDATA[Executing Search Test Case...]]>
  </system-out>
</testsuite> <!-- com.learning_TestNG.Learning_Priority_Attribute -->
