<?xml version="1.0" encoding="UTF-8"?>
<!-- Generated by org.testng.reporters.JUnitReportReporter -->
<testsuite hostname="Nikhil" failures="0" tests="3" name="com.learning_TestNG.Learning_Data_Provider" time="31.820" errors="0" timestamp="2024-01-27T13:39:09 IST" skipped="0">
  <testcase classname="com.learning_TestNG.Learning_Data_Provider" name="loginTest" time="10.168"/>
  <system-out/>
  <testcase classname="com.learning_TestNG.Learning_Data_Provider" name="loginTest" time="12.373"/>
  <system-out/>
  <testcase classname="com.learning_TestNG.Learning_Data_Provider" name="loginTest" time="9.279"/>
  <system-out/>
</testsuite> <!-- com.learning_TestNG.Learning_Data_Provider -->
